 ---=== Start Migration of project DMTEMPORAL ===---
 * Task [RemoveConfigMavenRepository] : Applied successfully
 * Task [ChangeMappingFileMigrationTask] : Applied successfully
 * Task [AddJavaVersionMigrationTask] : Applied successfully
 * Task [ResetMavenTemplateMigrationTask] : Applied successfully
 * Task [UpdateToJava8VersionMigrationTask] : Applied successfully
 * Task [Add Product Values] : Nothing to do
 * Task [UpdateGitIgnoreMigrationTask] : Nothing to do
 * Task [ChangeDriverJarForProjectSetting] : Nothing to do
 * Task [RepositoryProjectDate] : Applied successfully
 * Task [Fix a problem of project resources linked to items] : Nothing to do
 * Task [ChangeDBVersionValue4BonitaComponents] : Applied successfully
 * Task [TickDieOnError4tFileUnarchive] : Applied successfully
 * Task [ChangeLogLevel4tRedshiftInput] : Applied successfully
 * Task [FixUnevenItemContextParametersMigrationTask] : Nothing to do
 * Task [AddContextCommentValueMigrationTask] : Nothing to do
 * Task [ChangeDefaultValueForCassandra3Version] : Applied successfully
 * Task [NewGenericWizardMigrationTask] : Nothing to do
 * Task [SetDefaultValueForNewerEmailFirstOfTDI35976] : Applied successfully
 * Task [ChangeDefaultValueForCassandraOutputBatch] : Applied successfully
 * Task [NewSalesforceMigrationTask] : Nothing to do
 * Task [Add XMI Id for context item] : Nothing to do
 * Task [UpdateUrlForRedShiftMigrationTask] : Nothing to do
 * Task [SubstituteRemovedMDMOperatorMigrationTask] : Applied successfully
 * Task [RenameDriverJarPathForDBConnectionMigrationTask] : Nothing to do
 * Task [RemoveDuplicatedContextGroupMigrationTask] : Nothing to do
 * Task [UpdateJobletContextInJobMigrationTask] : Nothing to do
 * Task [ReplaceVarcharArrayWithVarcharIssueTDI35719] : Applied successfully
 * Task [Salesforce620Migration] : Applied successfully
 * Task [Salesforce620WizardMigration] : Nothing to do
 * Task [ReviseInvalidContextNamesMigrationTask] : Nothing to do
 * Task [UpdateELTComponentMigrationTask] : Nothing to do
 * Task [AddDefaultVersionValueForElasticsearchLookupInput] : Applied successfully
 * Task [Change MSSQL DBVersion] : Nothing to do
 * Task [ChangeTypeMappingForRedshift] : Applied successfully
 * Task [AddNewIgnoreNullSettingForTMicrosoftCrmOutputTask] : Applied successfully
 * Task [UncheckExceptionOnFileExistMigrationTask] : Applied successfully
 * Task [ResetVMArgumentMigrationTask] : Applied successfully
 * Task [NewAzureBlobMigrationTask] : Nothing to do
 * Task [NewMarketoMigrationTask] : Nothing to do
 * Task [NewNetsuiteMigrationTask] : Nothing to do
 * Task [ResetItemLabelMigrationTask] : Nothing to do
 * Task [AddApiModeToMarketoComponentsMigrationTask] : Applied successfully
 * Task [ChangeDBversionForSybaseIQMigrationTask] : Applied successfully
 * Task [Set FailOn property to true if copy directory else set to false] : Applied successfully
 * Task [Set the Spark Dataframe Alphabatical sort order in tHiveOutput and tFileOutputParquet] : Nothing to do
 * Task [reset the 'COLUMN_DELIMITER' parameter] : Applied successfully
 * Task [Set the 'skip tailing zeros for BigDecimal' setting to false if it was null] : Applied successfully
 * Task [Configure the new INCLUDTRASHFILES property to 'true' in order to keep the same behavior as before] : Applied successfully
 * Task [NewJDBCMigrationTask] : Nothing to do
 * Task [NewMarkLogicMigrationTask] : Nothing to do
 * Task [NewGoogleDriveMigrationTask] : Nothing to do
 * Task [Dataprep701MigrationTask] : Applied successfully
 * Task [MigrationTaskFortOleDbCoseConnection] : Applied successfully
 * Task [Fill the default db version of mssql for Jobsetting] : Nothing to do
 * Task [ChangeTMatchGroupOutputConnectorTask] : Applied successfully
 * Task [NewJDBCConnectionMigrationTask] : Nothing to do
 * Task [DriverJarMigration] : Nothing to do
 * Task [AddSchemaDatePatternUseForImpalaTask] : Applied successfully
 * Task [GenerateJobPomMigrationTask] : Applied successfully
 * Task [TExtractJSONSplitListMigrationTask] : Applied successfully
 * Task [RenameParamName4tS3XXServerEncryption] : Applied successfully
 * Task [AddDefaultFTPSPortMigrationTask] : Applied successfully
 * Task [WriteJSONQuoteAllValuesMigrationTask] : Applied successfully
 * Task [FileInputPositionalByteLengthMigrationTask] : Applied successfully
 * Task [EscapeQuoterForTNormalize] : Applied successfully
 * Task [KeepChangeRemoteDirFalseForFTPFileExist] : Applied successfully
 * Task [AddTypeNameInConnection] : Applied successfully
 * Task [RenameELTJDBCComponentsMigrationTask] : Applied successfully
 * Task [AddDbMappingTTeradataFastLoadMigrationTask] : Applied successfully
 * Task [UseSqlDateTypeInDataframesTask] : Nothing to do
 * Task [AutoUpdateRelationsMigrationTask] : Applied successfully
 ---=== End of migration ===---
