 ---=== Start Migration of project CIDC ===---
 * Task [ChangePostgresDbVersionForProjectSetting] : Nothing to do
 * Task [Encrypt passwords in new password fields of project settings implicit context load and stats logs] : Applied successfully
 * Task [UnifyPasswordEncryption4ProjectSettingsMigrationTask] : Applied successfully
 * Task [ChangeComponentSettingNameMigrationTask] : Applied successfully
 * Task [Remove routine dependency on antlr-3.3 jars] : Nothing to do
 * Task [RemoveProjectLibsFolder] : Nothing to do
 * Task [Fix a problem of project resources linked to items] : Nothing to do
 * Task [encrypt passwords in new password fields of jobs] : Applied successfully
 * Task [SetTrim4tFileOutputXML] : Applied successfully
 * Task [ChangeDefaultValueFortCassandraOutputDefineCFStructure] : Applied successfully
 * Task [AddHashKeyFromInputConnector4tHashOutput] : Applied successfully
 * Task [SetContextDumpHidePasswordToFalse] : Applied successfully
 * Task [UpdateJobSettingsForPostgresMigrationTask] : Nothing to do
 * Task [ChangeRecordMatchingCustomFunctionValueTask] : Applied successfully
 * Task [Encrypt passwords in new password fields of job settings implicit context load and stats logs] : Applied successfully
 * Task [UpdateDbVersionForVerticaMigrationTask] : Nothing to do
 * Task [Add the gid use string parameter if not have, value=false] : Applied successfully
 * Task [ChangeUseBatchSizetoFalse4AS400] : Applied successfully
 * Task [CorrectTeradataTPTExecInserterOperatorToLoad] : Applied successfully
 * Task [ChangeRecalculateFormulaValueMigrationTask] : Applied successfully
 * Task [AddCDCTypeForOracleCDCMigrationTask] : Applied successfully
 * Task [DBMapSplitTableConstraintFiltersMigrationTask] : Applied successfully
 * Task [ChangeParameterName4tMDMConnection] : Applied successfully
 * Task [Add a option and reverse its value on FS components] : Applied successfully
 * Task [CorrectDBVersionListForAS400] : Applied successfully
 * Task [UnifyPasswordEncryption4LdapConnectionMigrationTask] : Nothing to do
 * Task [UnifyPasswordEncryption4SalesforceSchemaConnectionMigrationTask] : Nothing to do
 * Task [UnifyPasswordEncryption4MDMConnectionMigrationTask] : Nothing to do
 * Task [UnifyPasswordEncryption4ContextMigrationTask] : Nothing to do
 * Task [UnifyPasswordEncryption4DBConnectionMigrationTask] : Applied successfully
 * Task [UnifyPasswordEncryption4ParametersInJobMigrationTask] : Applied successfully
 * Task [UnifyPasswordEncryption4FtpConnectionMigrationTask] : Nothing to do
 * Task [UnifyPasswordEncryption4WsdlConnectionMigrationTask] : Nothing to do
 * Task [SetDieOnErrorFalse4tSCPDelete] : Applied successfully
 * Task [SetDefaultValue4tWriteJSONFieldGroupByOutput] : Applied successfully
 * Task [RemoveUnuseQuoteOnTLoop] : Applied successfully
 * Task [ChangeReadByParameter4tFileInputJSON] : Applied successfully
 * Task [Set tStoreResult associated tPigLoad] : Applied successfully
 * Task [ChangeMappingParameter4Redshift] : Applied successfully
 * Task [ChangeParameter4tSAPIDocOutput] : Applied successfully
 * Task [ChangeDefaultValue4tMarketoOutput] : Applied successfully
 * Task [AddSchemaDefaultValue4tFileInputDelimited] : Applied successfully
 * Task [CorrectBatchModeForDBComponents] : Applied successfully
 * Task [CorrectBatchModeForTeradataOutput] : Applied successfully
 * Task [CorrectBatchModeForJDBCOutput] : Applied successfully
 * Task [SetUrltStewardshipXXXTDI32354] : Applied successfully
 * Task [MdmAddVersionMigrationTask] : Nothing to do
 * Task [SetDefaultVauleMDMServerVersionFeatureTDI31722] : Applied successfully
 * Task [CorrectBatchSizeForDBComponents] : Applied successfully
 * Task [CorrectBatchSizeForDBComponentsMore] : Applied successfully
 * Task [ChangeDefaultValue4JSONComponents] : Applied successfully
 * Task [MapNetsuiteOperatorValueTDI32245] : Applied successfully
 * Task [ChangeMongoDBMinimalVersion] : Applied successfully
 * Task [ChangeValue4BonitaComponents] : Applied successfully
 * Task [ODBCMigrationTask] : Applied successfully
 * Task [ActivateQueryLogging] : Applied successfully
 * Task [MigrateEncoding4tSalesforceWave] : Applied successfully
 * Task [ChangeDefaultValueForCassandraAPIVersion] : Applied successfully
 * Task [AccessMigrationTask] : Applied successfully
 * Task [AddPortForTCassandraConfigurationSpark] : Applied successfully
 * Task [AddTableActionForUpdateCassandraDatastax] : Applied successfully
 * Task [UnifyParameterOfDatastaxAndHectorForCassandra] : Applied successfully
 * Task [MigrateDeprecatedHadoopDistribution1] : Applied successfully
 * Task [ChangeDefaultSparkSerializer] : Nothing to do
 * Task [Set default readby mode] : Applied successfully
 * Task [BuildRecycleBinIndexMigrationTask] : Applied successfully
 * Task [ChangeDefaultValue4tLogRow] : Applied successfully
 * Task [ChangeBatchParameter4SomeDBComponents] : Applied successfully
 * Task [CheckIncludeSeparatorOnTFileOutputPositional] : Nothing to do
 * Task [ChangeLocalModeForSparkConfiguration] : Nothing to do
 * Task [ChangeOptionDefaultValueForFileArchive] : Applied successfully
 * Task [DisableUseBatchWhenRejectLineExists] : Applied successfully
 * Task [StripslachesOnQuotesForTCollectAndCheck] : Nothing to do
 * Task [UpdateKakfaInputConsumerTimeoutAndAutoOffsetTask] : Applied successfully
 * Task [ReviewPigLoadLayout] : Applied successfully
 * Task [RenameSparkVersions] : Nothing to do
 * Task [AutoUpdateRelationsMigrationTask] : Applied successfully
 ---=== End of migration ===---
